
7월 15, 2024 11:48:39.67 NEW SESSION
7월 15, 2024 11:48:39.67 Created TensorFlow Lite XNNPACK delegate for CPU.

7월 15, 2024 12:12:29.52 NEW SESSION
7월 15, 2024 12:12:29.52 Created TensorFlow Lite XNNPACK delegate for CPU.
7월 15, 2024 12:42:15.95 Created TensorFlow Lite XNNPACK delegate for CPU.
7월 15, 2024 13:10:21.71 Created TensorFlow Lite XNNPACK delegate for CPU.
7월 15, 2024 13:10:37.26 Created TensorFlow Lite XNNPACK delegate for CPU.
7월 15, 2024 13:12:21.73 Created TensorFlow Lite XNNPACK delegate for CPU.
7월 15, 2024 14:45:59.48 Created TensorFlow Lite XNNPACK delegate for CPU.
7월 15, 2024 14:49:18.95 Created TensorFlow Lite XNNPACK delegate for CPU.
7월 15, 2024 15:04:57.32 Created TensorFlow Lite XNNPACK delegate for CPU.
7월 15, 2024 15:06:09.66 Created TensorFlow Lite XNNPACK delegate for CPU.
7월 15, 2024 15:46:37.00 [1128:10708:0715/154637.006:ERROR:interface_endpoint_client.cc(722)] Message 1 rejected by interface blink.mojom.WidgetHost
7월 15, 2024 15:54:45.46 [1128:10708:0715/155445.468:ERROR:interface_endpoint_client.cc(722)] Message 0 rejected by interface blink.mojom.WidgetHost
7월 15, 2024 18:01:14.35 Created TensorFlow Lite XNNPACK delegate for CPU.
7월 15, 2024 18:02:05.83 Created TensorFlow Lite XNNPACK delegate for CPU.
7월 15, 2024 18:04:15.84 Created TensorFlow Lite XNNPACK delegate for CPU.

7월 16, 2024 10:17:21.76 NEW SESSION
7월 16, 2024 10:17:21.76 Created TensorFlow Lite XNNPACK delegate for CPU.
7월 16, 2024 10:17:56.03 Created TensorFlow Lite XNNPACK delegate for CPU.
7월 16, 2024 13:19:11.67 [4460:8516:0716/131911.678:ERROR:interface_endpoint_client.cc(722)] Message 1 rejected by interface blink.mojom.WidgetHost

7월 19, 2024 09:37:00.85 NEW SESSION
7월 19, 2024 09:37:00.85 Created TensorFlow Lite XNNPACK delegate for CPU.
7월 19, 2024 09:38:16.64 Created TensorFlow Lite XNNPACK delegate for CPU.
7월 19, 2024 09:43:45.64 [10612:12284:0719/094345.643:ERROR:interface_endpoint_client.cc(722)] Message 1 rejected by interface blink.mojom.WidgetHost

7월 22, 2024 09:41:09.35 NEW SESSION
7월 22, 2024 09:41:09.35 Created TensorFlow Lite XNNPACK delegate for CPU.
7월 22, 2024 09:42:45.72 Created TensorFlow Lite XNNPACK delegate for CPU.
7월 22, 2024 09:43:51.19 Created TensorFlow Lite XNNPACK delegate for CPU.
7월 22, 2024 09:57:28.39 Created TensorFlow Lite XNNPACK delegate for CPU.
7월 22, 2024 09:57:47.79 Created TensorFlow Lite XNNPACK delegate for CPU.
7월 22, 2024 09:58:33.79 Created TensorFlow Lite XNNPACK delegate for CPU.
7월 22, 2024 10:03:13.13 Created TensorFlow Lite XNNPACK delegate for CPU.
7월 22, 2024 10:10:33.48 Created TensorFlow Lite XNNPACK delegate for CPU.
7월 22, 2024 10:11:19.12 Created TensorFlow Lite XNNPACK delegate for CPU.
7월 22, 2024 10:14:41.46 Created TensorFlow Lite XNNPACK delegate for CPU.
7월 22, 2024 10:20:41.43 Created TensorFlow Lite XNNPACK delegate for CPU.
7월 22, 2024 10:35:06.17 Created TensorFlow Lite XNNPACK delegate for CPU.

7월 22, 2024 11:09:02.09 NEW SESSION
7월 22, 2024 11:09:02.09 Created TensorFlow Lite XNNPACK delegate for CPU.
7월 22, 2024 11:10:14.13 Created TensorFlow Lite XNNPACK delegate for CPU.
7월 22, 2024 11:19:01.36 Created TensorFlow Lite XNNPACK delegate for CPU.
7월 22, 2024 11:32:02.02 Created TensorFlow Lite XNNPACK delegate for CPU.
7월 22, 2024 11:56:56.44 Created TensorFlow Lite XNNPACK delegate for CPU.
7월 22, 2024 11:59:14.56 Created TensorFlow Lite XNNPACK delegate for CPU.
7월 22, 2024 12:14:41.79 Created TensorFlow Lite XNNPACK delegate for CPU.
7월 22, 2024 12:22:13.11 Created TensorFlow Lite XNNPACK delegate for CPU.
7월 22, 2024 12:23:56.60 [6784:16360:0722/122356.607:ERROR:interface_endpoint_client.cc(722)] Message 1 rejected by interface blink.mojom.WidgetHost

7월 23, 2024 11:47:42.75 NEW SESSION
7월 23, 2024 11:47:42.75 Created TensorFlow Lite XNNPACK delegate for CPU.
7월 23, 2024 11:48:10.41 Created TensorFlow Lite XNNPACK delegate for CPU.
7월 23, 2024 11:50:39.31 Created TensorFlow Lite XNNPACK delegate for CPU.
7월 23, 2024 11:51:08.21 Created TensorFlow Lite XNNPACK delegate for CPU.
7월 23, 2024 11:54:39.96 Created TensorFlow Lite XNNPACK delegate for CPU.
7월 23, 2024 12:35:39.30 Created TensorFlow Lite XNNPACK delegate for CPU.
7월 23, 2024 12:46:40.49 Created TensorFlow Lite XNNPACK delegate for CPU.
7월 23, 2024 13:01:47.18 Created TensorFlow Lite XNNPACK delegate for CPU.
7월 23, 2024 13:13:10.49 Created TensorFlow Lite XNNPACK delegate for CPU.
7월 23, 2024 13:14:16.24 Created TensorFlow Lite XNNPACK delegate for CPU.
7월 23, 2024 14:05:04.17 Created TensorFlow Lite XNNPACK delegate for CPU.
7월 23, 2024 14:19:53.66 Created TensorFlow Lite XNNPACK delegate for CPU.
7월 23, 2024 14:21:11.42 Created TensorFlow Lite XNNPACK delegate for CPU.
7월 23, 2024 15:14:12.81 Created TensorFlow Lite XNNPACK delegate for CPU.
7월 23, 2024 15:15:25.64 Created TensorFlow Lite XNNPACK delegate for CPU.
7월 23, 2024 15:15:59.58 Created TensorFlow Lite XNNPACK delegate for CPU.
7월 23, 2024 16:03:17.74 Created TensorFlow Lite XNNPACK delegate for CPU.
7월 23, 2024 16:14:29.09 Created TensorFlow Lite XNNPACK delegate for CPU.
7월 23, 2024 16:19:49.17 Created TensorFlow Lite XNNPACK delegate for CPU.
7월 23, 2024 16:28:23.23 Created TensorFlow Lite XNNPACK delegate for CPU.

7월 25, 2024 09:37:40.24 NEW SESSION
7월 25, 2024 09:37:40.24 Created TensorFlow Lite XNNPACK delegate for CPU.
7월 25, 2024 09:39:48.24 [13176:2856:0725/093948.242:ERROR:interface_endpoint_client.cc(722)] Message 1 rejected by interface blink.mojom.WidgetHost
7월 25, 2024 09:39:48.24 [13176:2856:0725/093948.242:ERROR:interface_endpoint_client.cc(722)] Message 1 rejected by interface blink.mojom.WidgetHost
7월 25, 2024 10:00:58.75 [13176:2856:0725/100058.752:ERROR:interface_endpoint_client.cc(722)] Message 0 rejected by interface blink.mojom.WidgetHost
7월 25, 2024 10:05:35.09 [13176:2856:0725/100535.092:ERROR:CONSOLE(1)] "Failed getting cookie attribute: Version", source: devtools://devtools/bundled/devtools-frontend/front_end/core/sdk/sdk.js (1)
7월 25, 2024 10:05:35.09 [13176:2856:0725/100535.094:ERROR:CONSOLE(1)] "Failed getting cookie attribute: Version", source: devtools://devtools/bundled/devtools-frontend/front_end/core/sdk/sdk.js (1)
7월 25, 2024 10:05:39.67 [13176:2856:0725/100539.672:ERROR:CONSOLE(1)] "Failed getting cookie attribute: Version", source: devtools://devtools/bundled/devtools-frontend/front_end/core/sdk/sdk.js (1)
7월 25, 2024 10:06:11.18 [13176:2856:0725/100611.186:ERROR:CONSOLE(1)] "Failed getting cookie attribute: Version", source: devtools://devtools/bundled/devtools-frontend/front_end/core/sdk/sdk.js (1)
7월 25, 2024 11:18:53.84 [13176:2856:0725/111853.845:ERROR:interface_endpoint_client.cc(722)] Message 1 rejected by interface blink.mojom.WidgetHost

7월 26, 2024 10:00:30.37 NEW SESSION
7월 26, 2024 10:00:30.37 Created TensorFlow Lite XNNPACK delegate for CPU.
7월 26, 2024 10:00:48.83 Created TensorFlow Lite XNNPACK delegate for CPU.
7월 26, 2024 10:12:24.49 Created TensorFlow Lite XNNPACK delegate for CPU.
7월 26, 2024 10:14:15.34 Created TensorFlow Lite XNNPACK delegate for CPU.
7월 26, 2024 10:16:44.93 Created TensorFlow Lite XNNPACK delegate for CPU.
7월 26, 2024 10:39:02.42 Created TensorFlow Lite XNNPACK delegate for CPU.
7월 26, 2024 10:42:40.54 Created TensorFlow Lite XNNPACK delegate for CPU.
7월 26, 2024 10:43:23.79 Created TensorFlow Lite XNNPACK delegate for CPU.
7월 26, 2024 10:46:01.07 Created TensorFlow Lite XNNPACK delegate for CPU.
7월 26, 2024 10:47:44.13 Created TensorFlow Lite XNNPACK delegate for CPU.
7월 26, 2024 10:58:06.71 Created TensorFlow Lite XNNPACK delegate for CPU.
7월 26, 2024 11:09:30.23 Created TensorFlow Lite XNNPACK delegate for CPU.
7월 26, 2024 11:55:35.64 Created TensorFlow Lite XNNPACK delegate for CPU.
7월 26, 2024 11:57:23.52 [3868:9648:0726/115723.526:ERROR:interface_endpoint_client.cc(722)] Message 1 rejected by interface blink.mojom.WidgetHost
7월 26, 2024 11:57:23.52 [3868:9648:0726/115723.526:ERROR:interface_endpoint_client.cc(722)] Message 1 rejected by interface blink.mojom.WidgetHost
7월 26, 2024 12:07:59.42 Created TensorFlow Lite XNNPACK delegate for CPU.
7월 26, 2024 12:10:18.82 Created TensorFlow Lite XNNPACK delegate for CPU.
7월 26, 2024 12:11:53.49 [13932:5240:0726/121153.495:ERROR:interface_endpoint_client.cc(722)] Message 1 rejected by interface blink.mojom.WidgetHost
7월 26, 2024 15:58:56.98 [13932:5240:0726/155856.986:ERROR:interface_endpoint_client.cc(722)] Message 0 rejected by interface blink.mojom.WidgetHost
7월 26, 2024 15:59:33.02 [13932:5240:0726/155933.020:ERROR:interface_endpoint_client.cc(722)] Message 0 rejected by interface blink.mojom.WidgetHost
7월 26, 2024 16:00:03.42 [13932:5240:0726/160003.423:ERROR:interface_endpoint_client.cc(722)] Message 0 rejected by interface blink.mojom.WidgetHost
7월 26, 2024 16:00:08.20 [13932:5240:0726/160008.205:ERROR:interface_endpoint_client.cc(722)] Message 0 rejected by interface blink.mojom.WidgetHost
7월 26, 2024 16:00:27.44 [13932:5240:0726/160027.443:ERROR:interface_endpoint_client.cc(722)] Message 0 rejected by interface blink.mojom.WidgetHost
7월 26, 2024 16:00:31.70 [13932:5240:0726/160031.706:ERROR:interface_endpoint_client.cc(722)] Message 0 rejected by interface blink.mojom.WidgetHost
7월 26, 2024 16:00:35.54 [13932:5240:0726/160035.540:ERROR:interface_endpoint_client.cc(722)] Message 0 rejected by interface blink.mojom.WidgetHost

7월 30, 2024 15:05:59.98 NEW SESSION
7월 30, 2024 15:05:59.98 Created TensorFlow Lite XNNPACK delegate for CPU.
7월 30, 2024 15:09:42.03 Created TensorFlow Lite XNNPACK delegate for CPU.
7월 30, 2024 15:31:37.07 Created TensorFlow Lite XNNPACK delegate for CPU.
7월 30, 2024 16:54:54.76 Created TensorFlow Lite XNNPACK delegate for CPU.
7월 30, 2024 16:56:10.74 Created TensorFlow Lite XNNPACK delegate for CPU.
7월 30, 2024 16:56:34.15 Created TensorFlow Lite XNNPACK delegate for CPU.
7월 30, 2024 16:56:47.87 Created TensorFlow Lite XNNPACK delegate for CPU.
7월 30, 2024 16:59:45.61 Created TensorFlow Lite XNNPACK delegate for CPU.

7월 31, 2024 09:41:36.30 NEW SESSION
7월 31, 2024 09:41:36.30 Created TensorFlow Lite XNNPACK delegate for CPU.
7월 31, 2024 09:42:00.26 Created TensorFlow Lite XNNPACK delegate for CPU.
7월 31, 2024 09:43:45.65 Created TensorFlow Lite XNNPACK delegate for CPU.
7월 31, 2024 09:44:28.09 [16920:9156:0731/094428.090:ERROR:interface_endpoint_client.cc(722)] Message 1 rejected by interface blink.mojom.WidgetHost
7월 31, 2024 14:21:46.15 [16920:9156:0731/142146.156:ERROR:device_event_log_impl.cc(196)] [14:21:46.156] USB: usb_service_win.cc:105 SetupDiGetDeviceProperty({{A45C254E-DF1C-4EFD-8020-67D146A850E0}, 6}) failed: 요소가 없습니다. (0x490)
7월 31, 2024 17:22:31.40 [16920:9156:0731/172231.405:ERROR:device_event_log_impl.cc(196)] [17:22:31.406] Bluetooth: bluetooth_adapter_winrt.cc:1055 Getting Default Adapter failed.
7월 31, 2024 18:03:01.35 [16920:9156:0731/180301.350:ERROR:device_event_log_impl.cc(196)] [18:03:01.350] USB: usb_service_win.cc:105 SetupDiGetDeviceProperty({{A45C254E-DF1C-4EFD-8020-67D146A850E0}, 6}) failed: 요소가 없습니다. (0x490)

8월 01, 2024 12:43:11.21 NEW SESSION
8월 01, 2024 12:43:11.21 Created TensorFlow Lite XNNPACK delegate for CPU.
8월 01, 2024 12:49:37.46 [9980:7156:0801/124937.465:ERROR:interface_endpoint_client.cc(722)] Message 1 rejected by interface blink.mojom.WidgetHost
8월 01, 2024 13:12:39.71 [9980:7156:0801/131239.716:ERROR:interface_endpoint_client.cc(722)] Message 0 rejected by interface blink.mojom.WidgetHost
8월 01, 2024 14:48:22.77 [9980:656:0801/144822.773:ERROR:connection_factory_impl.cc(483)] ConnectionHandler failed with net error: -2

8월 02, 2024 10:14:44.57 NEW SESSION
8월 02, 2024 10:14:44.57 Created TensorFlow Lite XNNPACK delegate for CPU.
8월 02, 2024 10:35:52.15 [16652:14248:0802/103552.155:ERROR:interface_endpoint_client.cc(722)] Message 1 rejected by interface blink.mojom.WidgetHost
8월 02, 2024 11:26:46.05 [16652:14248:0802/112646.055:ERROR:interface_endpoint_client.cc(722)] Message 1 rejected by interface blink.mojom.WidgetHost
8월 02, 2024 11:26:46.05 [16652:14248:0802/112646.055:ERROR:interface_endpoint_client.cc(722)] Message 1 rejected by interface blink.mojom.WidgetHost

8월 06, 2024 12:14:43.50 NEW SESSION
8월 06, 2024 12:14:43.50 Created TensorFlow Lite XNNPACK delegate for CPU.
8월 06, 2024 12:18:30.67 [3372:9460:0806/121830.676:ERROR:interface_endpoint_client.cc(722)] Message 1 rejected by interface blink.mojom.WidgetHost

8월 12, 2024 10:16:12.43 NEW SESSION
8월 12, 2024 10:16:12.43 Created TensorFlow Lite XNNPACK delegate for CPU.

8월 12, 2024 17:01:41.63 NEW SESSION
8월 12, 2024 17:01:41.63 Created TensorFlow Lite XNNPACK delegate for CPU.
8월 12, 2024 17:12:21.50 [9420:16512:0812/171221.506:ERROR:interface_endpoint_client.cc(722)] Message 5 rejected by interface blink.mojom.WidgetHost
8월 12, 2024 18:02:29.76 Created TensorFlow Lite XNNPACK delegate for CPU.

8월 13, 2024 09:40:31.83 NEW SESSION
8월 13, 2024 09:40:31.83 Created TensorFlow Lite XNNPACK delegate for CPU.

8월 14, 2024 09:40:53.82 NEW SESSION
8월 14, 2024 09:40:53.82 Created TensorFlow Lite XNNPACK delegate for CPU.
8월 14, 2024 09:41:26.01 Created TensorFlow Lite XNNPACK delegate for CPU.
8월 14, 2024 09:43:05.14 Created TensorFlow Lite XNNPACK delegate for CPU.
8월 14, 2024 09:43:20.53 Created TensorFlow Lite XNNPACK delegate for CPU.
8월 14, 2024 09:54:05.87 Created TensorFlow Lite XNNPACK delegate for CPU.
8월 14, 2024 10:30:00.65 Created TensorFlow Lite XNNPACK delegate for CPU.
8월 14, 2024 10:34:13.65 Created TensorFlow Lite XNNPACK delegate for CPU.
8월 14, 2024 10:57:03.28 Created TensorFlow Lite XNNPACK delegate for CPU.

8월 14, 2024 11:08:11.51 NEW SESSION
8월 14, 2024 11:08:11.51 Created TensorFlow Lite XNNPACK delegate for CPU.
8월 14, 2024 11:12:37.58 Created TensorFlow Lite XNNPACK delegate for CPU.
8월 14, 2024 15:38:46.70 Created TensorFlow Lite XNNPACK delegate for CPU.
8월 14, 2024 15:43:45.06 Created TensorFlow Lite XNNPACK delegate for CPU.
8월 14, 2024 15:51:14.20 Created TensorFlow Lite XNNPACK delegate for CPU.
8월 14, 2024 15:57:26.99 [13616:10580:0814/155726.991:ERROR:interface_endpoint_client.cc(722)] Message 1 rejected by interface blink.mojom.WidgetHost
8월 14, 2024 15:57:26.99 [13616:10580:0814/155726.996:ERROR:interface_endpoint_client.cc(722)] Message 1 rejected by interface blink.mojom.WidgetHost
8월 14, 2024 18:13:39.76 [13616:10580:0814/181339.764:ERROR:interface_endpoint_client.cc(722)] Message 5 rejected by interface blink.mojom.WidgetHost

8월 20, 2024 10:06:59.89 NEW SESSION
8월 20, 2024 10:06:59.89 Created TensorFlow Lite XNNPACK delegate for CPU.
8월 20, 2024 10:14:19.53 Created TensorFlow Lite XNNPACK delegate for CPU.
8월 20, 2024 10:16:08.71 [7904:5188:0820/101608.718:ERROR:interface_endpoint_client.cc(722)] Message 1 rejected by interface blink.mojom.WidgetHost
8월 20, 2024 10:33:19.75 [7904:5188:0820/103319.752:ERROR:CONSOLE(1)] "Request Network.loadNetworkResource failed. {"code":-32602,"message":"Unsupported URL scheme"}", source: devtools://devtools/bundled/devtools-frontend/front_end/core/protocol_client/protocol_client.js (1)

8월 21, 2024 15:35:29.07 NEW SESSION
8월 21, 2024 15:35:29.08 Created TensorFlow Lite XNNPACK delegate for CPU.
8월 21, 2024 15:39:47.94 Created TensorFlow Lite XNNPACK delegate for CPU.
8월 21, 2024 15:40:51.77 Created TensorFlow Lite XNNPACK delegate for CPU.

8월 21, 2024 16:29:09.74 NEW SESSION
8월 21, 2024 16:29:09.74 Created TensorFlow Lite XNNPACK delegate for CPU.
8월 21, 2024 16:29:25.37 Created TensorFlow Lite XNNPACK delegate for CPU.
8월 21, 2024 16:32:06.75 Created TensorFlow Lite XNNPACK delegate for CPU.
8월 21, 2024 16:38:38.73 Created TensorFlow Lite XNNPACK delegate for CPU.
8월 21, 2024 16:43:24.83 Created TensorFlow Lite XNNPACK delegate for CPU.
8월 21, 2024 16:48:34.84 [2428:9600:0821/164834.846:ERROR:interface_endpoint_client.cc(722)] Message 1 rejected by interface blink.mojom.WidgetHost

8월 23, 2024 09:39:31.44 NEW SESSION
8월 23, 2024 09:39:31.44 Created TensorFlow Lite XNNPACK delegate for CPU.
8월 23, 2024 10:35:41.95 [1244:12136:0823/103541.954:ERROR:interface_endpoint_client.cc(722)] Message 1 rejected by interface blink.mojom.WidgetHost

8월 26, 2024 17:03:43.71 NEW SESSION
8월 26, 2024 17:03:43.71 Created TensorFlow Lite XNNPACK delegate for CPU.

8월 27, 2024 15:12:38.83 NEW SESSION
8월 27, 2024 15:12:38.83 Created TensorFlow Lite XNNPACK delegate for CPU.

8월 28, 2024 16:56:41.98 NEW SESSION
8월 28, 2024 16:56:41.98 Created TensorFlow Lite XNNPACK delegate for CPU.

8월 30, 2024 10:12:26.74 NEW SESSION
8월 30, 2024 10:12:26.74 Created TensorFlow Lite XNNPACK delegate for CPU.

8월 30, 2024 10:14:36.75 NEW SESSION
8월 30, 2024 10:14:36.75 Created TensorFlow Lite XNNPACK delegate for CPU.
8월 30, 2024 10:16:59.56 Created TensorFlow Lite XNNPACK delegate for CPU.

9월 02, 2024 09:39:22.56 NEW SESSION
9월 02, 2024 09:39:22.56 Created TensorFlow Lite XNNPACK delegate for CPU.
9월 02, 2024 09:40:03.07 Created TensorFlow Lite XNNPACK delegate for CPU.

9월 02, 2024 11:21:45.49 NEW SESSION
9월 02, 2024 11:21:45.49 Created TensorFlow Lite XNNPACK delegate for CPU.
9월 02, 2024 11:28:28.86 Created TensorFlow Lite XNNPACK delegate for CPU.
9월 02, 2024 11:59:32.93 Created TensorFlow Lite XNNPACK delegate for CPU.
9월 02, 2024 12:04:25.09 [12476:12048:0902/120425.099:ERROR:interface_endpoint_client.cc(722)] Message 1 rejected by interface blink.mojom.WidgetHost

9월 02, 2024 18:15:12.48 NEW SESSION
9월 02, 2024 18:15:12.48 Created TensorFlow Lite XNNPACK delegate for CPU.

9월 03, 2024 09:46:00.59 NEW SESSION
9월 03, 2024 09:46:00.59 Created TensorFlow Lite XNNPACK delegate for CPU.
9월 03, 2024 09:46:25.57 Created TensorFlow Lite XNNPACK delegate for CPU.
9월 03, 2024 09:56:09.76 Created TensorFlow Lite XNNPACK delegate for CPU.
9월 03, 2024 09:58:22.65 Created TensorFlow Lite XNNPACK delegate for CPU.
9월 03, 2024 09:59:17.16 Created TensorFlow Lite XNNPACK delegate for CPU.
9월 03, 2024 10:05:35.10 Created TensorFlow Lite XNNPACK delegate for CPU.
9월 03, 2024 10:06:23.32 Created TensorFlow Lite XNNPACK delegate for CPU.
9월 03, 2024 11:40:24.40 [5976:13400:0903/114024.406:ERROR:interface_endpoint_client.cc(722)] Message 1 rejected by interface blink.mojom.WidgetHost

9월 04, 2024 11:54:09.90 NEW SESSION
9월 04, 2024 11:54:09.90 Created TensorFlow Lite XNNPACK delegate for CPU.

9월 04, 2024 12:01:19.82 NEW SESSION
9월 04, 2024 12:01:19.82 Created TensorFlow Lite XNNPACK delegate for CPU.

9월 04, 2024 15:02:49.96 NEW SESSION
9월 04, 2024 15:02:49.96 Created TensorFlow Lite XNNPACK delegate for CPU.
9월 04, 2024 15:03:38.11 Created TensorFlow Lite XNNPACK delegate for CPU.
9월 04, 2024 15:43:51.26 Created TensorFlow Lite XNNPACK delegate for CPU.

9월 04, 2024 16:12:52.59 NEW SESSION
9월 04, 2024 16:12:52.59 Created TensorFlow Lite XNNPACK delegate for CPU.
9월 04, 2024 16:14:18.39 Created TensorFlow Lite XNNPACK delegate for CPU.

9월 25, 2024 10:02:31.61 NEW SESSION
9월 25, 2024 10:02:31.61 Created TensorFlow Lite XNNPACK delegate for CPU.
